<?xml version="1.0" encoding="UTF-8"?>
<!-- Generated by org.testng.reporters.JUnitReportReporter -->
<testsuite hostname="DESKTOP-0RHGDC4" failures="0" tests="2" name="testCases.TC001_AccountRegistrationTest" time="4.787" errors="0" timestamp="2026-01-13T20:57:04 IST" skipped="0">
  <testcase classname="testCases.TC001_AccountRegistrationTest" name="verify_account_registration" time="2.103"/>
  <testcase classname="testCases.TC001_AccountRegistrationTest" name="verify_account_registration" time="2.684"/>
</testsuite> <!-- testCases.TC001_AccountRegistrationTest -->
